1573747949298	mozrunner::runner	INFO	Running command: "C:\\Program Files (x86)\\Mozilla Firefox\\firefox.exe" "-marionette" "-foreground" "-no-remote" "-profile" "C:\\Users\\Z003D7~1.AD0\\AppData\\Local\\Temp\\rust_mozprofile.dS9pQvj4JeTv"
1573747952164	mozrunner::runner	INFO	Running command: "C:\\Program Files (x86)\\Mozilla Firefox\\firefox.exe" "-marionette" "-foreground" "-no-remote" "-profile" "C:\\Users\\Z003D7~1.AD0\\AppData\\Local\\Temp\\rust_mozprofile.9RHYBuEXWwXS"
1573747952777	mozrunner::runner	INFO	Running command: "C:\\Program Files (x86)\\Mozilla Firefox\\firefox.exe" "-marionette" "-foreground" "-no-remote" "-profile" "C:\\Users\\Z003D7~1.AD0\\AppData\\Local\\Temp\\rust_mozprofile.mHK4uJVYXXWb"
1573747953378	mozrunner::runner	INFO	Running command: "C:\\Program Files (x86)\\Mozilla Firefox\\firefox.exe" "-marionette" "-foreground" "-no-remote" "-profile" "C:\\Users\\Z003D7~1.AD0\\AppData\\Local\\Temp\\rust_mozprofile.CC5tmGtSzsMo"
1573747953991	mozrunner::runner	INFO	Running command: "C:\\Program Files (x86)\\Mozilla Firefox\\firefox.exe" "-marionette" "-foreground" "-no-remote" "-profile" "C:\\Users\\Z003D7~1.AD0\\AppData\\Local\\Temp\\rust_mozprofile.EMePwoXj7Ren"
1573747954592	mozrunner::runner	INFO	Running command: "C:\\Program Files (x86)\\Mozilla Firefox\\firefox.exe" "-marionette" "-foreground" "-no-remote" "-profile" "C:\\Users\\Z003D7~1.AD0\\AppData\\Local\\Temp\\rust_mozprofile.7ONJch0qSYnv"
1573747983135	mozrunner::runner	INFO	Running command: "C:\\Program Files (x86)\\Mozilla Firefox\\firefox.exe" "-marionette" "-foreground" "-no-remote" "-profile" "C:\\Users\\Z003D7~1.AD0\\AppData\\Local\\Temp\\rust_mozprofile.P92AvH90TP57"
1573747983575	addons.webextension.screenshots@mozilla.org	WARN	Loading extension 'screenshots@mozilla.org': Reading manifest: Invalid extension permission: mozillaAddons
1573747983575	addons.webextension.screenshots@mozilla.org	WARN	Loading extension 'screenshots@mozilla.org': Reading manifest: Invalid extension permission: telemetry
1573747983576	addons.webextension.screenshots@mozilla.org	WARN	Loading extension 'screenshots@mozilla.org': Reading manifest: Invalid extension permission: resource://pdf.js/
1573747983576	addons.webextension.screenshots@mozilla.org	WARN	Loading extension 'screenshots@mozilla.org': Reading manifest: Invalid extension permission: about:reader*
*** UTM:SVC TimerManager:registerTimer - id: xpi-signature-verification
*** AUS:SVC UpdateServiceStub:_migrateUpdateDirectory - Abort: No migration necessary. Nothing to migrate.
*** UTM:SVC TimerManager:registerTimer - id: browser-cleanup-thumbnails
JavaScript error: resource:///modules/sessionstore/SessionStore.jsm, line 1325: uncaught exception: 2147746065
1573747985238	Marionette	INFO	Listening on port 51834
1573747985249	Marionette	WARN	TLS certificate errors will be ignored for this session
1573747992687	Marionette	INFO	Stopped listening on port 51834
[Child 17456, Chrome_ChildThread] WARNING: pipe error: 109: file z:/task_1571237120/build/src/ipc/chromium/src/chrome/common/ipc_channel_win.cc, line 341
[Child 17456, Chrome[Child 1684, Chrome_ChildThread] WARNING: pipe error: 109: file z:/task_1571237120/build
###!!! [Child][MessageChannel] Error: (msgtype=0x7C0001,name=PRemoteSpellcheckEngine::Msg___delete__) Channel closing: too late to send/recv, messages will be lost

/src/ipc/chromium/src/chrome/common/ipc_channel_win.cc, line 341
###!!! [Child][MessageChannel] Error: (msgtype=0x53000E,name=PHttpChannel::Msg_DeletingChannel) Channel closing: too late to send/recv, messages will be lost



###!!! [Child][MessageChannel] Error: (msgtype=0x53000E,name=PHttpChannel::Msg_DeletingChannel) Channel closing: too late to send/recv, messages will be lost


###!!! [Child][MessageChannel] Error: (msgtype=0x53000E,name=PHttpChannel::Msg_DeletingChannel) Channel closing: too late to send/recv, messages will be lost


###!!! [Child][MessageChannel] Error: (msgtype=0x53000E,name=PHttpChannel::Msg_DeletingChannel) Channel closing: too late to send/recv, messages will be lost


###!!! [Child][MessageChannel] Error: (msgtype=0x53000E,name=PHttpChannel::Msg_DeletingChannel) Channel closing: too late to send/recv, messages will be lost


###!!! [Child][MessageChannel] Error: (msgtype=0x53000E,name=PHttpChannel::Msg_DeletingChannel) Channel closing: too late to send/recv, messages will be lost


###!!! [Child][RunMessage] Error: Channel closing: too late to send/recv, messages will be lost

[Child 20332, Chrome_ChildThread] WARNING: pipe error: 109: file z:/task_1571237120/build/src/ipc/chromium/src/chrome/common/ipc_channel_win.cc, line 341
[Child 20332,[GPU 19536, Chrome_ChildThread] WARNING: pipe error: 109: file z:/task_1571237120/build/src/ipc/chromium/src/chrome/common/ipc_channel_win.cc, line 341

###!!! [Child][RunMessage] Error: Channel closing: too late to send/recv, messages will be lost


###!!! [Child][MessageChannel::SendAndWait] Error: Channel error: cannot send/recv

1573747994474	mozrunner::runner	INFO	Running command: "C:\\Program Files (x86)\\Mozilla Firefox\\firefox.exe" "-marionette" "-foreground" "-no-remote" "-profile" "C:\\Users\\Z003D7~1.AD0\\AppData\\Local\\Temp\\rust_mozprofile.YnZz82YNjc2F"
1573747994935	addons.webextension.screenshots@mozilla.org	WARN	Loading extension 'screenshots@mozilla.org': Reading manifest: Invalid extension permission: mozillaAddons
1573747994936	addons.webextension.screenshots@mozilla.org	WARN	Loading extension 'screenshots@mozilla.org': Reading manifest: Invalid extension permission: telemetry
1573747994936	addons.webextension.screenshots@mozilla.org	WARN	Loading extension 'screenshots@mozilla.org': Reading manifest: Invalid extension permission: resource://pdf.js/
1573747994936	addons.webextension.screenshots@mozilla.org	WARN	Loading extension 'screenshots@mozilla.org': Reading manifest: Invalid extension permission: about:reader*
*** UTM:SVC TimerManager:registerTimer - id: xpi-signature-verification
*** AUS:SVC UpdateServiceStub:_migrateUpdateDirectory - Abort: No migration necessary. Nothing to migrate.
*** UTM:SVC TimerManager:registerTimer - id: browser-cleanup-thumbnails
JavaScript error: resource:///modules/sessionstore/SessionStore.jsm, line 1325: uncaught exception: 2147746065
1573747996662	Marionette	INFO	Listening on port 51877
1573747997089	Marionette	WARN	TLS certificate errors will be ignored for this session
1573748004390	Marionette	INFO	Stopped listening on port 51877
[Child 17632, Chrome_ChildThread] WARNING: pipe error: 109: file z:/task_1571237120/build/src/ipc/chromium/src/chrome/common/ipc_channel_win.cc, line 341
[Child 176[Child 15536, Chrome_ChildThread] WARNING: pipe error: 109: file z:/task_1571237120/build/src/ipc/chromium/src/chrome/common/ipc_channel_win.cc, line 341
[Child 15536, Chrome_Ch[Child 13228, Chrome_ChildThread] WARNING: pipe error: 109: file z:/task_1571237120/build/src/ipc/chromium/src/chrome/common/ipc_channel_win.cc, line 341
[Child 1322[GPU 18524, C
###!!! [Child][RunMessage] Error: Channel closing: too late to send/recv, messages will be lost

hrome
###!!! [Child][MessageChannel::SendAndWait] Error: Channel error: cannot send/recv

1573748005985	mozrunner::runner	INFO	Running command: "C:\\Program Files (x86)\\Mozilla Firefox\\firefox.exe" "-marionette" "-foreground" "-no-remote" "-profile" "C:\\Users\\Z003D7~1.AD0\\AppData\\Local\\Temp\\rust_mozprofile.fCuK2huuXCBq"
1573748006485	addons.webextension.screenshots@mozilla.org	WARN	Loading extension 'screenshots@mozilla.org': Reading manifest: Invalid extension permission: mozillaAddons
1573748006485	addons.webextension.screenshots@mozilla.org	WARN	Loading extension 'screenshots@mozilla.org': Reading manifest: Invalid extension permission: telemetry
1573748006485	addons.webextension.screenshots@mozilla.org	WARN	Loading extension 'screenshots@mozilla.org': Reading manifest: Invalid extension permission: resource://pdf.js/
1573748006485	addons.webextension.screenshots@mozilla.org	WARN	Loading extension 'screenshots@mozilla.org': Reading manifest: Invalid extension permission: about:reader*
*** UTM:SVC TimerManager:registerTimer - id: xpi-signature-verification
*** AUS:SVC UpdateServiceStub:_migrateUpdateDirectory - Abort: No migration necessary. Nothing to migrate.
*** UTM:SVC TimerManager:registerTimer - id: browser-cleanup-thumbnails
JavaScript error: resource:///modules/sessionstore/SessionStore.jsm, line 1325: uncaught exception: 2147746065
1573748008247	Marionette	INFO	Listening on port 51914
1573748008613	Marionette	WARN	TLS certificate errors will be ignored for this session
1573748012567	Marionette	INFO	Stopped listening on port 51914
[Child 16724, Chrome_ChildThread] WARNING: pipe error: 109: file z:/task_1571237120/build/src/ipc/chromium/src/chrome/common/ipc_channel_win.cc, line 341
[Child 16724, Chrome_ChildTh[Child 16732, Chrome_ChildThread] WARNING: pipe error: 109: file z:/task_1571237120/build/src/ipc/chromium/src/chrome/common/ipc_channel_win.cc, line 341
[Child 16732, Chrome_Ch[Child 17156, Chrome_ChildThread] WARNING: pipe error: 109: file z:/task_1571237120/build/src/ipc/chromium/src/chrome/common/ipc_channel_win.cc, line 341
[Child 17156
###!!! [Child][RunMessage] Error: Channel closing: too late to send/recv, messages will be lost

[GPU 15636, Chrome_ChildThread] WARNING
###!!! [Child][MessageChannel::SendAndWait] Error: Channel error: cannot send/recv

1573748014113	mozrunner::runner	INFO	Running command: "C:\\Program Files (x86)\\Mozilla Firefox\\firefox.exe" "-marionette" "-foreground" "-no-remote" "-profile" "C:\\Users\\Z003D7~1.AD0\\AppData\\Local\\Temp\\rust_mozprofile.wUhF5ahThsEH"
1573748014552	addons.webextension.screenshots@mozilla.org	WARN	Loading extension 'screenshots@mozilla.org': Reading manifest: Invalid extension permission: mozillaAddons
1573748014552	addons.webextension.screenshots@mozilla.org	WARN	Loading extension 'screenshots@mozilla.org': Reading manifest: Invalid extension permission: telemetry
1573748014552	addons.webextension.screenshots@mozilla.org	WARN	Loading extension 'screenshots@mozilla.org': Reading manifest: Invalid extension permission: resource://pdf.js/
1573748014552	addons.webextension.screenshots@mozilla.org	WARN	Loading extension 'screenshots@mozilla.org': Reading manifest: Invalid extension permission: about:reader*
*** UTM:SVC TimerManager:registerTimer - id: xpi-signature-verification
*** AUS:SVC UpdateServiceStub:_migrateUpdateDirectory - Abort: No migration necessary. Nothing to migrate.
*** UTM:SVC TimerManager:registerTimer - id: browser-cleanup-thumbnails
JavaScript error: resource:///modules/sessionstore/SessionStore.jsm, line 1325: uncaught exception: 2147746065
1573748016207	Marionette	INFO	Listening on port 51951
1573748016226	Marionette	WARN	TLS certificate errors will be ignored for this session
[Parent 19716, Gecko_IOThread] WARNING: pipe error: 109: file z:/task_1571237120/build/src/ipc/chromium/src/chrome/common/ipc_channel_win.cc, line 341
1573748021708	Marionette	INFO	Stopped listening on port 51951
[Child 20004, Chrome_ChildThread] WARNING: pipe error: 109: file z:/task_1571237120/build/src/ipc/chromium/src/chrome/common/ipc_channel_win.cc, line 341
[Child 20004[[Child 16816, Chrome_ChildThread] WARNING: pipe error: 109: file z:/task_1571237120/build/src/ipc/chromium/src/chrome/common/ipc_channel_win.cc, line 341
[Child 16816, Chrome_Ch[GP
###!!! [Child][RunMessage] Error: Channel closing: too late to send/recv, messages will be lost

U 12872, Ch
###!!! [Child][MessageChannel::SendAndWait] Error: Channel error: cannot send/recv

1573748023262	mozrunner::runner	INFO	Running command: "C:\\Program Files (x86)\\Mozilla Firefox\\firefox.exe" "-marionette" "-foreground" "-no-remote" "-profile" "C:\\Users\\Z003D7~1.AD0\\AppData\\Local\\Temp\\rust_mozprofile.4b4luwXaENoD"
1573748023803	addons.webextension.screenshots@mozilla.org	WARN	Loading extension 'screenshots@mozilla.org': Reading manifest: Invalid extension permission: mozillaAddons
1573748023803	addons.webextension.screenshots@mozilla.org	WARN	Loading extension 'screenshots@mozilla.org': Reading manifest: Invalid extension permission: telemetry
1573748023803	addons.webextension.screenshots@mozilla.org	WARN	Loading extension 'screenshots@mozilla.org': Reading manifest: Invalid extension permission: resource://pdf.js/
1573748023804	addons.webextension.screenshots@mozilla.org	WARN	Loading extension 'screenshots@mozilla.org': Reading manifest: Invalid extension permission: about:reader*
*** UTM:SVC TimerManager:registerTimer - id: xpi-signature-verification
*** AUS:SVC UpdateServiceStub:_migrateUpdateDirectory - Abort: No migration necessary. Nothing to migrate.
*** UTM:SVC TimerManager:registerTimer - id: browser-cleanup-thumbnails
JavaScript error: resource:///modules/sessionstore/SessionStore.jsm, line 1325: uncaught exception: 2147746065
1573748025526	Marionette	INFO	Listening on port 51988
1573748025891	Marionette	WARN	TLS certificate errors will be ignored for this session
1573748042304	Marionette	INFO	Stopped listening on port 51988
[Child 15868, Chrome_ChildThread] WARNING: pipe error: 109: file z:/task_1571237120/build/src/ipc/chromium/src/chrome/common/ipc_channel_win.cc, line 341
[Child 158[Child 13044, Chrome_ChildThread] WARNING: pipe error: 109: file z:/task_1571237120/build/src/ipc/chromium/src/chrome/common/ipc_channel_win.cc, line 341
[Child 13044, Chrome_ChildThre[Child 16596, Chrome_ChildThread] WARNING: pipe error: 109: file z:/task_1571237120/build/src/ipc/chromium/src/chrome/common/ipc_channel_win.cc, line 341
[Child 16596[GPU 3616
###!!! [Child][RunMessage] Error: Channel closing: too late to send/recv, messages will be lost

, Chro
###!!! [Child][MessageChannel::SendAndWait] Error: Channel error: cannot send/recv

1573748043863	mozrunner::runner	INFO	Running command: "C:\\Program Files (x86)\\Mozilla Firefox\\firefox.exe" "-marionette" "-foreground" "-no-remote" "-profile" "C:\\Users\\Z003D7~1.AD0\\AppData\\Local\\Temp\\rust_mozprofile.GDpU1nbIE2yP"
1573748044297	addons.webextension.screenshots@mozilla.org	WARN	Loading extension 'screenshots@mozilla.org': Reading manifest: Invalid extension permission: mozillaAddons
1573748044298	addons.webextension.screenshots@mozilla.org	WARN	Loading extension 'screenshots@mozilla.org': Reading manifest: Invalid extension permission: telemetry
1573748044298	addons.webextension.screenshots@mozilla.org	WARN	Loading extension 'screenshots@mozilla.org': Reading manifest: Invalid extension permission: resource://pdf.js/
1573748044298	addons.webextension.screenshots@mozilla.org	WARN	Loading extension 'screenshots@mozilla.org': Reading manifest: Invalid extension permission: about:reader*
*** UTM:SVC TimerManager:registerTimer - id: xpi-signature-verification
*** AUS:SVC UpdateServiceStub:_migrateUpdateDirectory - Abort: No migration necessary. Nothing to migrate.
*** UTM:SVC TimerManager:registerTimer - id: browser-cleanup-thumbnails
JavaScript error: resource:///modules/sessionstore/SessionStore.jsm, line 1325: uncaught exception: 2147746065
1573748045914	Marionette	INFO	Listening on port 52030
1573748045979	Marionette	WARN	TLS certificate errors will be ignored for this session
1573748053858	Marionette	INFO	Stopped listening on port 52030
[Parent 16792, Gecko_IOThread] WARNING: pipe error: 109: file z:/task_1571237120/build/src/ipc/chromium/src/chrome/common/ipc_channel_win.cc, line 341
[Child 19324, Chrome_ChildThread] WARNING: pipe error: 109: file z:/task_1571237120/build/src/ipc/chromium/src/chrome/common/ipc_channel_win.cc, line 341
[Child 19324, Chrome_[Parent 16792, Gecko_IOThread] WARNING: pipe error: 109: file z:/task_1571237120/build/src/ipc/chromium/src/chrome/common/ipc_channel_win.cc, line 341
[Child 18204, Chrome_ChildThread] WARNING: pipe error: 109: file z:/task_1571237120/build/src/ipc/chromium/src/chrome/common/ipc_channel_win.cc, line 341
[Child 18204, Ch[GPU 194
###!!! [Child][RunMessage] Error: Channel closing: too late to send/recv, messages will be lost

96, Chrome_ChildT
###!!! [Child][MessageChannel::SendAndWait] Error: Channel error: cannot send/recv

1573748938409	mozrunner::runner	INFO	Running command: "C:\\Program Files\\Mozilla Firefox\\firefox.exe" "-marionette" "-foreground" "-no-remote" "-profile" "C:\\Users\\Z003D7~1.AD0\\AppData\\Local\\Temp\\rust_mozprofile.5XMb8q8UyUkn"
1573748938857	addons.webextension.screenshots@mozilla.org	WARN	Loading extension 'screenshots@mozilla.org': Reading manifest: Invalid extension permission: mozillaAddons
1573748938857	addons.webextension.screenshots@mozilla.org	WARN	Loading extension 'screenshots@mozilla.org': Reading manifest: Invalid extension permission: telemetry
1573748938857	addons.webextension.screenshots@mozilla.org	WARN	Loading extension 'screenshots@mozilla.org': Reading manifest: Invalid extension permission: resource://pdf.js/
1573748938857	addons.webextension.screenshots@mozilla.org	WARN	Loading extension 'screenshots@mozilla.org': Reading manifest: Invalid extension permission: about:reader*
JavaScript error: resource://gre/modules/XULStore.jsm, line 66: Error: Can't find profile directory.
1573748940469	Marionette	INFO	Listening on port 52403
1573748940525	Marionette	WARN	TLS certificate errors will be ignored for this session
[Child 1104, Chrome_ChildThread] WARNING: pipe error: 109: file z:/task_1572401533/build/src/ipc/chromium/src/chrome/common/ipc_channel_win.cc, li[nCeh ild3 411444, Ch
rome_ChildThread] WA[RCNIhNiGl:d pipe error: 109: file z:/task_1572401533/build/src/ipc/chromium/src/chrome/common/ipc_channel_win.cc, line 341
[Child 14[Parent 18524, Gecko_IOThread] WARNING: pipe error: 109: file z:/task_1572401533/build/src/ipc/chromium/src/chrome/common/ipc_channel_win.cc, line 341
[Child 14740, Chrome_ChildThread] WARNING: pipe error: 109: file z:/task_1572401533/build/src/ipc/chromium/src/chrome/common/ipc_channel_win.cc, line 341
[Child 14740, C1573748949603	Marionette	INFO	Stopped listening on port 52403
[GPU 14492, Chrome
###!!! [Child][RunMessage] Error: Channel closing: too late to send/recv, messages will be lost

_
###!!! [Child][MessageChannel::SendAndWait] Error: Channel error: cannot send/recv

1573748950643	mozrunner::runner	INFO	Running command: "C:\\Program Files\\Mozilla Firefox\\firefox.exe" "-marionette" "-foreground" "-no-remote" "-profile" "C:\\Users\\Z003D7~1.AD0\\AppData\\Local\\Temp\\rust_mozprofile.GFLfJfmol7BK"
1573748951086	addons.webextension.screenshots@mozilla.org	WARN	Loading extension 'screenshots@mozilla.org': Reading manifest: Invalid extension permission: mozillaAddons
1573748951086	addons.webextension.screenshots@mozilla.org	WARN	Loading extension 'screenshots@mozilla.org': Reading manifest: Invalid extension permission: telemetry
1573748951086	addons.webextension.screenshots@mozilla.org	WARN	Loading extension 'screenshots@mozilla.org': Reading manifest: Invalid extension permission: resource://pdf.js/
1573748951086	addons.webextension.screenshots@mozilla.org	WARN	Loading extension 'screenshots@mozilla.org': Reading manifest: Invalid extension permission: about:reader*
JavaScript error: resource://gre/modules/XULStore.jsm, line 66: Error: Can't find profile directory.
1573748952596	Marionette	INFO	Listening on port 52438
1573748952655	Marionette	WARN	TLS certificate errors will be ignored for this session
[Child 15888, Chrome_ChildThread] WARNING: pipe error: 109: file z:/task_1572401533/build/src/ipc/chromium/src/chrome/common/ipc_channel_win.cc, line 341
[Child 15888, Chrome_ChildThr[Child 14920, Chrome_ChildThread] WARNING: pipe error: 109: file z:/task_1572401533/build/src/ipc/chromium/src/chrome/common/ipc_channel_win.cc, line 341
[Child 14920, Chrome_ChildThread] WARNING: pipe err1573748954343	mozrunner::runner	INFO	Running command: "C:\\Program Files\\Mozilla Firefox\\firefox.exe" "-marionette" "-foreground" "-no-remote" "-profile" "C:\\Users\\Z003D7~1.AD0\\AppData\\Local\\Temp\\rust_mozprofile.NQuQcp39sY3t"
1573748954869	addons.webextension.screenshots@mozilla.org	WARN	Loading extension 'screenshots@mozilla.org': Reading manifest: Invalid extension permission: mozillaAddons
1573748954869	addons.webextension.screenshots@mozilla.org	WARN	Loading extension 'screenshots@mozilla.org': Reading manifest: Invalid extension permission: telemetry
1573748954869	addons.webextension.screenshots@mozilla.org	WARN	Loading extension 'screenshots@mozilla.org': Reading manifest: Invalid extension permission: resource://pdf.js/
1573748954870	addons.webextension.screenshots@mozilla.org	WARN	Loading extension 'screenshots@mozilla.org': Reading manifest: Invalid extension permission: about:reader*
JavaScript error: resource://gre/modules/XULStore.jsm, line 66: Error: Can't find profile directory.
1573748956551	Marionette	INFO	Listening on port 52471
1573748956962	Marionette	WARN	TLS certificate errors will be ignored for this session
1573748969179	Marionette	INFO	Stopped listening on port 52471
[Parent 9256, Gecko_IOThread] WARNING: pipe error: 109: file z:/task_1572401533/build/src/ipc/chromium/src/chrome/common/ipc_channel_win.cc, line 341
[Child 19928, Chrome_ChildThread] WARNING: pipe error: 109: file z:/task_1572401533/build/src/ipc/chromium/src/chrome/common/ipc_channel_win.cc, line 341
[Child 199[Parent 9256, Gecko_IOThread] WARNING: pipe error: 109: file z:/task_1572401533/build/src/ipc/chromium/src/chrome/common/ipc_channel_win.cc, line 341
[Child 2352, Chrome_ChildThread] WARNING: pipe error: 109: file z:/task_1572401533/build/src/ipc/chromium/src/chrome/common/ipc_channel_win.cc, line 341
[Child 2352, Chrome_Ch[Parent 9256, Gecko_IOThread] WARNING: pipe error: 109: file z:/task_1572401533/build/src/ipc/chromium/src/chrome/common/ipc_channel_win.cc, line 341
[Child 18732, Chrome_ChildThread] WARNING: pipe error: 109: file z:/task_1572401533/build/src/ipc/chromium/src/chrome/common/ipc_channel_win.cc, line 341
[Child 18732, Chro[GPU 13064, Chrome_ChildThread] WARNING: pipe e
###!!! [Child][MessageChannel::SendAndWait] Error: Channel error: cannot send/recv

1573748970603	mozrunner::runner	INFO	Running command: "C:\\Program Files\\Mozilla Firefox\\firefox.exe" "-marionette" "-foreground" "-no-remote" "-profile" "C:\\Users\\Z003D7~1.AD0\\AppData\\Local\\Temp\\rust_mozprofile.oaagjSabgWwF"
1573748971036	addons.webextension.screenshots@mozilla.org	WARN	Loading extension 'screenshots@mozilla.org': Reading manifest: Invalid extension permission: mozillaAddons
1573748971036	addons.webextension.screenshots@mozilla.org	WARN	Loading extension 'screenshots@mozilla.org': Reading manifest: Invalid extension permission: telemetry
1573748971036	addons.webextension.screenshots@mozilla.org	WARN	Loading extension 'screenshots@mozilla.org': Reading manifest: Invalid extension permission: resource://pdf.js/
1573748971036	addons.webextension.screenshots@mozilla.org	WARN	Loading extension 'screenshots@mozilla.org': Reading manifest: Invalid extension permission: about:reader*
JavaScript error: resource://gre/modules/XULStore.jsm, line 66: Error: Can't find profile directory.
1573748972652	Marionette	INFO	Listening on port 52571
1573748972714	Marionette	WARN	TLS certificate errors will be ignored for this session
1573748978220	Marionette	INFO	Stopped listening on port 52571
[Child 17584, Chrome_ChildThread] WARNING: pipe error: 109: file z:/task_1572401533/build/src/ipc/chromium/src/chrome/common/ipc_channel_win.cc, line 341
[Child [Parent 18576, Gecko_IOThread] WARNING: pipe error: 109: file z:/task_1572401533/build/src/ipc/chromium/src/chrome/common/ipc_channel_win.cc, line 341
[Child 18284, Chrome_ChildThread] WARNING: pipe error: 109: file z:/task_1572401533/build/src/ipc/chromium/src/chrome/common/ipc_channel_win.cc, line 341
[Child 18284, Chrome_Chi[Parent 18576, Gecko_IOThread] WARNING: pipe error: 109: file z:/task_1572401533/build/src/ipc/chromium/src/chrome/common/ipc_channel_win.cc, line 341
[Child 2284, Chrome_ChildThread] WARNING: pipe error: 109: file z:/task_1572401533/build/src/ipc/chromium/src/chrome/common/ipc_channel_win.cc, line 341
[Child 2284,[GPU 
###!!! [Child][RunMessage] Error: Channel closing: too late to send/recv, messages will be lost

1
###!!! [Child][MessageChannel::SendAndWait] Error: Channel error: cannot send/recv

1573748979883	mozrunner::runner	INFO	Running command: "C:\\Program Files\\Mozilla Firefox\\firefox.exe" "-marionette" "-foreground" "-no-remote" "-profile" "C:\\Users\\Z003D7~1.AD0\\AppData\\Local\\Temp\\rust_mozprofile.ic9TIpYGZCPN"
1573748980369	addons.webextension.screenshots@mozilla.org	WARN	Loading extension 'screenshots@mozilla.org': Reading manifest: Invalid extension permission: mozillaAddons
1573748980369	addons.webextension.screenshots@mozilla.org	WARN	Loading extension 'screenshots@mozilla.org': Reading manifest: Invalid extension permission: telemetry
1573748980369	addons.webextension.screenshots@mozilla.org	WARN	Loading extension 'screenshots@mozilla.org': Reading manifest: Invalid extension permission: resource://pdf.js/
1573748980369	addons.webextension.screenshots@mozilla.org	WARN	Loading extension 'screenshots@mozilla.org': Reading manifest: Invalid extension permission: about:reader*
JavaScript error: resource://gre/modules/XULStore.jsm, line 66: Error: Can't find profile directory.
1573748982051	Marionette	INFO	Listening on port 52610
1573748982502	Marionette	WARN	TLS certificate errors will be ignored for this session
[Parent 17248, Gecko_IOThread] WARNING: pipe error: 109: file z:/task_1572401533/build/src/ipc/chromium/src/chrome/common/ipc_channel_win.cc, line 341
[Child 9520, Chrome_ChildThread] WARNING: pipe error: 109: file z:/task_1572401533/build/src/ipc/chromium/src/chrome/common/ipc_channel_win.cc, line 341
[Child 952[Child 10524, Chrome_ChildThread] WARNING: pipe error: 109: file z:/task_1572401533/build/src/ipc/chromium/src/chrome/common/ipc_channel_win.cc, line 341
[Child 10524, Chrome_ChildThread] WARNING: pipe error: 232: file z:/task_1572401533/build/src/ipc/chromium/src/chrome/common/ipc_channel_win.cc, line 502

###!!! [Child][RunMessage] Error: Channel closing: too late to send/recv, messages will be lost

[Child 10524, Chrome_ChildThread] WARNING: pipe error: 109: file z:/task_1572401533/build/src/ipc/chromium/src/chrome/common/ipc_channel_win.cc, line 341
1573748984622	mozrunner::runner	INFO	Running command: "C:\\Program Files\\Mozilla Firefox\\firefox.exe" "-marionette" "-foreground" "-no-remote" "-profile" "C:\\Users\\Z003D7~1.AD0\\AppData\\Local\\Temp\\rust_mozprofile.8IDptN1HTJgV"
1573748985086	addons.webextension.screenshots@mozilla.org	WARN	Loading extension 'screenshots@mozilla.org': Reading manifest: Invalid extension permission: mozillaAddons
1573748985086	addons.webextension.screenshots@mozilla.org	WARN	Loading extension 'screenshots@mozilla.org': Reading manifest: Invalid extension permission: telemetry
1573748985086	addons.webextension.screenshots@mozilla.org	WARN	Loading extension 'screenshots@mozilla.org': Reading manifest: Invalid extension permission: resource://pdf.js/
1573748985087	addons.webextension.screenshots@mozilla.org	WARN	Loading extension 'screenshots@mozilla.org': Reading manifest: Invalid extension permission: about:reader*
JavaScript error: resource://gre/modules/XULStore.jsm, line 66: Error: Can't find profile directory.
1573748986741	Marionette	INFO	Listening on port 52644
1573748987239	Marionette	WARN	TLS certificate errors will be ignored for this session
1573748994409	Marionette	INFO	Stopped listening on port 52644
[Child 16388, Chrome_ChildThread] WARNING: pipe error: 109: file z:/task_1572401533/build/src/ipc/chromium/src/chrome/common/ipc_channel_win.cc, line 341
[Child 163[Parent 5712, Gecko_IOThread] WARNING: pipe error: 109: file z:/task_1572401533/build/src/ipc/chromium/src/chrome/common/ipc_channel_win.cc, line 341
[Parent 5712, Gecko_IOThread] WARNING: pipe error: 109: file z:/task_1572401533/build/src/ipc/chromium/src/chrome/common/ipc_channel_win.cc, line 341
[Child 4524, Chrome_ChildThread] WARNING: pipe error: 109: file z:/task_1572401533/build/src/ipc/chromium/src/chrome/common/ipc_channel_win.cc, line 341
[Child 4524, Chrom[Parent 5712, Gecko_IOThread] WARNING: pipe error: 109: file z:/task_1572401533/build/src/ipc/chromium/src/chrome/common/ipc_channel_win.cc, line 341
[Child 6752, Chrome_ChildThread] WARNING: pipe error: 109: file z:/task_1572401533/build/src/ipc/chromium/src/chrome/common/ipc_channel_win.cc, line 341
[Child 675
###!!! [Child][RunMessage] Error: Channel closing: too late to send/recv, messages will be lost

[GPU 5812, Chrome_Ch
###!!! [Child][MessageChannel::SendAndWait] Error: Channel error: cannot send/recv

